<?xml version="1.0" encoding="UTF-8"?>
<!-- Generated by org.testng.reporters.JUnitReportReporter -->
<testsuite hostname="Sofians-MacBook-Air.local" failures="0" tests="2" name="com.automation.three.selenium.framework.questions.TN_TestNG" time="15.244" errors="0" timestamp="2023-12-11T04:45:23 EST" skipped="0">
  <testcase classname="com.automation.three.selenium.framework.questions.TN_TestNG" name="verifyingTitle" time="6.015"/>
  <testcase classname="com.automation.three.selenium.framework.questions.TN_TestNG" name="login" time="9.229"/>
</testsuite> <!-- com.automation.three.selenium.framework.questions.TN_TestNG -->
