<?xml version="1.0" encoding="UTF-8"?>
<!-- Generated by org.testng.reporters.JUnitReportReporter -->
<testsuite hostname="Sofians-MacBook-Air.local" failures="0" tests="1" name="com.automation.three.selenium.framework.questions.medium.CheckoutTest" time="9.540" errors="0" timestamp="2024-01-06T17:35:25 EST" skipped="0">
  <testcase classname="com.automation.three.selenium.framework.questions.medium.CheckoutTest" name="testCheckout" time="9.540"/>
</testsuite> <!-- com.automation.three.selenium.framework.questions.medium.CheckoutTest -->
