<?xml version="1.0" encoding="UTF-8"?>
<!-- Generated by org.testng.reporters.JUnitReportReporter -->
<testsuite hostname="Sofians-MacBook-Air.local" failures="0" tests="1" name="com.automation.three.selenium.framework.questions.difficult.ShoppingCartTest" time="9.434" errors="0" timestamp="2024-01-07T19:02:20 EST" skipped="0">
  <testcase classname="com.automation.three.selenium.framework.questions.difficult.ShoppingCartTest" name="testAddProductToCartAndVerify" time="9.434"/>
</testsuite> <!-- com.automation.three.selenium.framework.questions.difficult.ShoppingCartTest -->
