<?xml version="1.0" encoding="UTF-8"?>
<!-- Generated by org.testng.reporters.JUnitReportReporter -->
<testsuite hostname="Sofians-MacBook-Air.local" failures="0" tests="2" name="com.automation.three.selenium.framework.questions.medium.HomePageTest" time="17.618" errors="0" timestamp="2024-01-06T18:36:44 EST" skipped="0">
  <testcase classname="com.automation.three.selenium.framework.questions.medium.HomePageTest" name="testLogoIsDisplayed" time="7.020"/>
  <testcase classname="com.automation.three.selenium.framework.questions.medium.HomePageTest" name="testClickOnSignInLink" time="10.598"/>
</testsuite> <!-- com.automation.three.selenium.framework.questions.medium.HomePageTest -->
