<?xml version="1.0" encoding="UTF-8"?>
<!-- Generated by org.testng.reporters.JUnitReportReporter -->
<testsuite hostname="Sofians-MacBook-Air.local" failures="0" tests="2" name="com.automation.three.selenium.framework.questions.difficult.SearchTest" time="1.430" errors="0" timestamp="2024-01-06T21:15:34 EST" skipped="0">
  <testcase classname="com.automation.three.selenium.framework.questions.difficult.SearchTest" name="testSearchWithNoEntry" time="0.569"/>
  <testcase classname="com.automation.three.selenium.framework.questions.difficult.SearchTest" name="testSearchWithValidProduct" time="0.861"/>
</testsuite> <!-- com.automation.three.selenium.framework.questions.difficult.SearchTest -->
