<?xml version="1.0" encoding="UTF-8"?>
<!-- Generated by org.testng.reporters.JUnitReportReporter -->
<testsuite hostname="Sofians-MacBook-Air.local" failures="0" tests="1" name="com.automation.three.selenium.framework.questions.difficult.LoginTest" time="8.701" errors="0" timestamp="2024-01-06T20:19:31 EST" skipped="0">
  <testcase classname="com.automation.three.selenium.framework.questions.difficult.LoginTest" name="testSuccessfulLogin" time="8.701"/>
</testsuite> <!-- com.automation.three.selenium.framework.questions.difficult.LoginTest -->
