<?xml version="1.0" encoding="UTF-8"?>
<!-- Generated by org.testng.reporters.JUnitReportReporter -->
<testsuite hostname="Sofians-MacBook-Air.local" failures="0" tests="1" name="com.automation.three.selenium.framework.questions.medium.RegistrationTest" time="9.310" errors="0" timestamp="2024-01-06T16:50:28 EST" skipped="0">
  <testcase classname="com.automation.three.selenium.framework.questions.medium.RegistrationTest" name="testSuccessfulRegistration" time="9.310"/>
</testsuite> <!-- com.automation.three.selenium.framework.questions.medium.RegistrationTest -->
